app/build/intermediates/manifest_merge_blame_file/debug/manifest-merger-blame-debug-report.txt
1<?xml version="1.0" encoding="utf-8"?>
2<manifest xmlns:android="http://schemas.android.com/apk/res/android"
3    package="com.honeyb.chandrachurmaitraprojects_sangeetinthememoryofg_3"
4    android:versionCode="1"
5    android:versionName="1.0" >
6
7    <uses-sdk
8        android:minSdkVersion="21"
8-->src\main\AndroidManifest.xml
9        android:targetSdkVersion="31" />
9-->src\main\AndroidManifest.xml
10
11    <uses-permission android:name="android.permission.READ_EXTERNAL_STORAGE" />
11-->src\main\AndroidManifest.xml:5:5-80
11-->src\main\AndroidManifest.xml:5:22-77
12
13    <application
13-->src\main\AndroidManifest.xml:7:5-30:19
14        android:allowBackup="true"
14-->src\main\AndroidManifest.xml:8:9-35
15        android:appComponentFactory="androidx.core.app.CoreComponentFactory"
15-->[androidx.core:core:1.7.0] AndroidManifest.xml:24:18-86
16        android:debuggable="true"
17        android:icon="@mipmap/ic_launcher"
17-->src\main\AndroidManifest.xml:9:9-43
18        android:label="@string/app_name"
18-->src\main\AndroidManifest.xml:10:9-41
19        android:roundIcon="@mipmap/ic_launcher_round"
19-->src\main\AndroidManifest.xml:11:9-54
20        android:supportsRtl="true"
20-->src\main\AndroidManifest.xml:12:9-35
21        android:theme="@style/Theme.SangeetInTheMemoryOfG3" >
21-->src\main\AndroidManifest.xml:13:9-60
22        <activity
22-->src\main\AndroidManifest.xml:14:9-16:40
23            android:name="com.honeyb.chandrachurmaitraprojects_sangeetinthememoryofg_3.HomeActivity"
23-->src\main\AndroidManifest.xml:15:13-41
24            android:exported="false" />
24-->src\main\AndroidManifest.xml:16:13-37
25        <activity
25-->src\main\AndroidManifest.xml:17:9-25:20
26            android:name="com.honeyb.chandrachurmaitraprojects_sangeetinthememoryofg_3.MainActivity"
26-->src\main\AndroidManifest.xml:18:13-41
27            android:exported="true" >
27-->src\main\AndroidManifest.xml:19:13-36
28            <intent-filter>
28-->src\main\AndroidManifest.xml:20:13-24:29
29                <action android:name="android.intent.action.MAIN" />
29-->src\main\AndroidManifest.xml:21:17-69
29-->src\main\AndroidManifest.xml:21:25-66
30
31                <category android:name="android.intent.category.LAUNCHER" />
31-->src\main\AndroidManifest.xml:23:17-77
31-->src\main\AndroidManifest.xml:23:27-74
32            </intent-filter>
33        </activity>
34
35        <meta-data
35-->src\main\AndroidManifest.xml:27:9-29:57
36            android:name="preloaded_fonts"
36-->src\main\AndroidManifest.xml:28:13-43
37            android:resource="@array/preloaded_fonts" />
37-->src\main\AndroidManifest.xml:29:13-54
38
39        <activity
39-->[com.karumi:dexter:6.2.3] AndroidManifest.xml:27:9-29:72
40            android:name="com.karumi.dexter.DexterActivity"
40-->[com.karumi:dexter:6.2.3] AndroidManifest.xml:28:13-60
41            android:theme="@style/Dexter.Internal.Theme.Transparent" />
41-->[com.karumi:dexter:6.2.3] AndroidManifest.xml:29:13-69
42
43        <provider
43-->[androidx.emoji2:emoji2:1.0.0] AndroidManifest.xml:26:9-34:20
44            android:name="androidx.startup.InitializationProvider"
44-->[androidx.emoji2:emoji2:1.0.0] AndroidManifest.xml:27:13-67
45            android:authorities="com.honeyb.chandrachurmaitraprojects_sangeetinthememoryofg_3.androidx-startup"
45-->[androidx.emoji2:emoji2:1.0.0] AndroidManifest.xml:28:13-68
46            android:exported="false" >
46-->[androidx.emoji2:emoji2:1.0.0] AndroidManifest.xml:29:13-37
47            <meta-data
47-->[androidx.emoji2:emoji2:1.0.0] AndroidManifest.xml:31:13-33:52
48                android:name="androidx.emoji2.text.EmojiCompatInitializer"
48-->[androidx.emoji2:emoji2:1.0.0] AndroidManifest.xml:32:17-75
49                android:value="androidx.startup" />
49-->[androidx.emoji2:emoji2:1.0.0] AndroidManifest.xml:33:17-49
50            <meta-data
50-->[androidx.lifecycle:lifecycle-process:2.4.0] AndroidManifest.xml:31:13-33:52
51                android:name="androidx.lifecycle.ProcessLifecycleInitializer"
51-->[androidx.lifecycle:lifecycle-process:2.4.0] AndroidManifest.xml:32:17-78
52                android:value="androidx.startup" />
52-->[androidx.lifecycle:lifecycle-process:2.4.0] AndroidManifest.xml:33:17-49
53        </provider>
54    </application>
55
56</manifest>